Determining if the pthread_create exist failed with the following output:
Change Dir: /home/pi/Code/capstone_camera_validation/Corruption/CMakeFiles/CMakeTmp

Run Build Command:"/usr/bin/make" "cmTC_caf52/fast"
make[1]: Entering directory '/home/pi/Code/capstone_camera_validation/Corruption/CMakeFiles/CMakeTmp'
/usr/bin/make -f CMakeFiles/cmTC_caf52.dir/build.make CMakeFiles/cmTC_caf52.dir/build
make[2]: Entering directory '/home/pi/Code/capstone_camera_validation/Corruption/CMakeFiles/CMakeTmp'
Building C object CMakeFiles/cmTC_caf52.dir/CheckSymbolExists.c.o
/usr/bin/cc    -o CMakeFiles/cmTC_caf52.dir/CheckSymbolExists.c.o   -c /home/pi/Code/capstone_camera_validation/Corruption/CMakeFiles/CMakeTmp/CheckSymbolExists.c
Linking C executable cmTC_caf52
/usr/bin/cmake -E cmake_link_script CMakeFiles/cmTC_caf52.dir/link.txt --verbose=1
/usr/bin/cc      -rdynamic CMakeFiles/cmTC_caf52.dir/CheckSymbolExists.c.o  -o cmTC_caf52 
/usr/bin/ld: CMakeFiles/cmTC_caf52.dir/CheckSymbolExists.c.o: in function `main':
CheckSymbolExists.c:(.text+0x38): undefined reference to `pthread_create'
collect2: error: ld returned 1 exit status
make[2]: *** [CMakeFiles/cmTC_caf52.dir/build.make:87: cmTC_caf52] Error 1
make[2]: Leaving directory '/home/pi/Code/capstone_camera_validation/Corruption/CMakeFiles/CMakeTmp'
make[1]: *** [Makefile:121: cmTC_caf52/fast] Error 2
make[1]: Leaving directory '/home/pi/Code/capstone_camera_validation/Corruption/CMakeFiles/CMakeTmp'

File /home/pi/Code/capstone_camera_validation/Corruption/CMakeFiles/CMakeTmp/CheckSymbolExists.c:
/* */
#include <pthread.h>

int main(int argc, char** argv)
{
  (void)argv;
#ifndef pthread_create
  return ((int*)(&pthread_create))[argc];
#else
  (void)argc;
  return 0;
#endif
}

Determining if the function pthread_create exists in the pthreads failed with the following output:
Change Dir: /home/pi/Code/capstone_camera_validation/Corruption/CMakeFiles/CMakeTmp

Run Build Command:"/usr/bin/make" "cmTC_d6817/fast"
make[1]: Entering directory '/home/pi/Code/capstone_camera_validation/Corruption/CMakeFiles/CMakeTmp'
/usr/bin/make -f CMakeFiles/cmTC_d6817.dir/build.make CMakeFiles/cmTC_d6817.dir/build
make[2]: Entering directory '/home/pi/Code/capstone_camera_validation/Corruption/CMakeFiles/CMakeTmp'
Building C object CMakeFiles/cmTC_d6817.dir/CheckFunctionExists.c.o
/usr/bin/cc   -DCHECK_FUNCTION_EXISTS=pthread_create   -o CMakeFiles/cmTC_d6817.dir/CheckFunctionExists.c.o   -c /usr/share/cmake-3.13/Modules/CheckFunctionExists.c
Linking C executable cmTC_d6817
/usr/bin/cmake -E cmake_link_script CMakeFiles/cmTC_d6817.dir/link.txt --verbose=1
/usr/bin/cc  -DCHECK_FUNCTION_EXISTS=pthread_create    -rdynamic CMakeFiles/cmTC_d6817.dir/CheckFunctionExists.c.o  -o cmTC_d6817 -lpthreads 
/usr/bin/ld: cannot find -lpthreads
collect2: error: ld returned 1 exit status
make[2]: *** [CMakeFiles/cmTC_d6817.dir/build.make:87: cmTC_d6817] Error 1
make[2]: Leaving directory '/home/pi/Code/capstone_camera_validation/Corruption/CMakeFiles/CMakeTmp'
make[1]: *** [Makefile:121: cmTC_d6817/fast] Error 2
make[1]: Leaving directory '/home/pi/Code/capstone_camera_validation/Corruption/CMakeFiles/CMakeTmp'


Determining if the pthread_create exist failed with the following output:
Change Dir: /home/pi/Code/capstone_camera_validation/Comparator/CMakeFiles/CMakeTmp

Run Build Command:"/usr/bin/make" "cmTC_6f273/fast"
/usr/bin/make -f CMakeFiles/cmTC_6f273.dir/build.make CMakeFiles/cmTC_6f273.dir/build
make[1]: Entering directory '/home/pi/Code/capstone_camera_validation/Comparator/CMakeFiles/CMakeTmp'
Building C object CMakeFiles/cmTC_6f273.dir/CheckSymbolExists.c.o
/usr/bin/cc    -o CMakeFiles/cmTC_6f273.dir/CheckSymbolExists.c.o   -c /home/pi/Code/capstone_camera_validation/Comparator/CMakeFiles/CMakeTmp/CheckSymbolExists.c
Linking C executable cmTC_6f273
/usr/bin/cmake -E cmake_link_script CMakeFiles/cmTC_6f273.dir/link.txt --verbose=1
/usr/bin/cc      -rdynamic CMakeFiles/cmTC_6f273.dir/CheckSymbolExists.c.o  -o cmTC_6f273 
/usr/bin/ld: CMakeFiles/cmTC_6f273.dir/CheckSymbolExists.c.o: in function `main':
CheckSymbolExists.c:(.text+0x38): undefined reference to `pthread_create'
collect2: error: ld returned 1 exit status
make[1]: *** [CMakeFiles/cmTC_6f273.dir/build.make:87: cmTC_6f273] Error 1
make[1]: Leaving directory '/home/pi/Code/capstone_camera_validation/Comparator/CMakeFiles/CMakeTmp'
make: *** [Makefile:121: cmTC_6f273/fast] Error 2

File /home/pi/Code/capstone_camera_validation/Comparator/CMakeFiles/CMakeTmp/CheckSymbolExists.c:
/* */
#include <pthread.h>

int main(int argc, char** argv)
{
  (void)argv;
#ifndef pthread_create
  return ((int*)(&pthread_create))[argc];
#else
  (void)argc;
  return 0;
#endif
}

Determining if the function pthread_create exists in the pthreads failed with the following output:
Change Dir: /home/pi/Code/capstone_camera_validation/Comparator/CMakeFiles/CMakeTmp

Run Build Command:"/usr/bin/make" "cmTC_00a8f/fast"
/usr/bin/make -f CMakeFiles/cmTC_00a8f.dir/build.make CMakeFiles/cmTC_00a8f.dir/build
make[1]: Entering directory '/home/pi/Code/capstone_camera_validation/Comparator/CMakeFiles/CMakeTmp'
Building C object CMakeFiles/cmTC_00a8f.dir/CheckFunctionExists.c.o
/usr/bin/cc   -DCHECK_FUNCTION_EXISTS=pthread_create   -o CMakeFiles/cmTC_00a8f.dir/CheckFunctionExists.c.o   -c /usr/share/cmake-3.13/Modules/CheckFunctionExists.c
Linking C executable cmTC_00a8f
/usr/bin/cmake -E cmake_link_script CMakeFiles/cmTC_00a8f.dir/link.txt --verbose=1
/usr/bin/cc  -DCHECK_FUNCTION_EXISTS=pthread_create    -rdynamic CMakeFiles/cmTC_00a8f.dir/CheckFunctionExists.c.o  -o cmTC_00a8f -lpthreads 
/usr/bin/ld: cannot find -lpthreads
collect2: error: ld returned 1 exit status
make[1]: *** [CMakeFiles/cmTC_00a8f.dir/build.make:87: cmTC_00a8f] Error 1
make[1]: Leaving directory '/home/pi/Code/capstone_camera_validation/Comparator/CMakeFiles/CMakeTmp'
make: *** [Makefile:121: cmTC_00a8f/fast] Error 2


